app/build/intermediates/manifest_merge_blame_file/debug/manifest-merger-blame-debug-report.txt
1<?xml version="1.0" encoding="utf-8"?>
2<manifest xmlns:android="http://schemas.android.com/apk/res/android"
3    package="com.example.todomvvm"
4    android:versionCode="1"
5    android:versionName="1.0" >
6
7    <uses-sdk
8        android:minSdkVersion="27"
8-->src\main\AndroidManifest.xml
9        android:targetSdkVersion="33" />
9-->src\main\AndroidManifest.xml
10
11    <application
11-->src\main\AndroidManifest.xml:4:5-24:19
12        android:allowBackup="true"
12-->src\main\AndroidManifest.xml:5:9-35
13        android:appComponentFactory="androidx.core.app.CoreComponentFactory"
13-->[androidx.core:core:1.1.0] AndroidManifest.xml:24:18-86
14        android:debuggable="true"
15        android:extractNativeLibs="false"
16        android:icon="@mipmap/ic_launcher"
16-->src\main\AndroidManifest.xml:6:9-43
17        android:label="@string/app_name"
17-->src\main\AndroidManifest.xml:7:9-41
18        android:roundIcon="@mipmap/ic_launcher_round"
18-->src\main\AndroidManifest.xml:8:9-54
19        android:supportsRtl="true"
19-->src\main\AndroidManifest.xml:9:9-35
20        android:testOnly="true"
21        android:theme="@style/AppTheme" >
21-->src\main\AndroidManifest.xml:10:9-40
22        <activity
22-->src\main\AndroidManifest.xml:11:9-20:20
23            android:name="com.example.todomvvm.SplashActivity"
23-->src\main\AndroidManifest.xml:12:13-43
24            android:exported="true"
24-->src\main\AndroidManifest.xml:14:13-36
25            android:theme="@style/AppThemeNoAppBar" >
25-->src\main\AndroidManifest.xml:13:13-52
26            <intent-filter>
26-->src\main\AndroidManifest.xml:15:13-19:29
27                <action android:name="android.intent.action.MAIN" />
27-->src\main\AndroidManifest.xml:16:17-69
27-->src\main\AndroidManifest.xml:16:25-66
28
29                <category android:name="android.intent.category.LAUNCHER" />
29-->src\main\AndroidManifest.xml:18:17-77
29-->src\main\AndroidManifest.xml:18:27-74
30            </intent-filter>
31        </activity>
32        <activity android:name="com.example.todomvvm.TodoActivity" >
32-->src\main\AndroidManifest.xml:21:9-23:20
32-->src\main\AndroidManifest.xml:21:19-47
33        </activity>
34
35        <service
35-->[androidx.room:room-runtime:2.2.1] AndroidManifest.xml:25:9-27:40
36            android:name="androidx.room.MultiInstanceInvalidationService"
36-->[androidx.room:room-runtime:2.2.1] AndroidManifest.xml:26:13-74
37            android:exported="false" />
37-->[androidx.room:room-runtime:2.2.1] AndroidManifest.xml:27:13-37
38
39        <provider
39-->[androidx.lifecycle:lifecycle-process:2.2.0-rc01] AndroidManifest.xml:25:9-29:43
40            android:name="androidx.lifecycle.ProcessLifecycleOwnerInitializer"
40-->[androidx.lifecycle:lifecycle-process:2.2.0-rc01] AndroidManifest.xml:26:13-79
41            android:authorities="com.example.todomvvm.lifecycle-process"
41-->[androidx.lifecycle:lifecycle-process:2.2.0-rc01] AndroidManifest.xml:27:13-69
42            android:exported="false"
42-->[androidx.lifecycle:lifecycle-process:2.2.0-rc01] AndroidManifest.xml:28:13-37
43            android:multiprocess="true" />
43-->[androidx.lifecycle:lifecycle-process:2.2.0-rc01] AndroidManifest.xml:29:13-40
44    </application>
45
46</manifest>